/usr/src/bin/ls/cmp.c
/usr/src/bin/ls/ls.c
/usr/src/bin/pax/cpio.c
/usr/src/bin/pax/dumptar.c
/usr/src/bin/pax/tar.c
/usr/src/commands/ash/var.c
/usr/src/commands/cp/cp.c
/usr/src/commands/cron/cron.c
/usr/src/commands/cron/misc.c
/usr/src/commands/crontab/crontab.c
/usr/src/commands/devmand/main.c
/usr/src/commands/dirname/dirname.c
/usr/src/commands/gcov-pull/gcov-pull.c
/usr/src/commands/getty/getty.c
/usr/src/commands/hostaddr/hostaddr.c
/usr/src/commands/ipcs/ipcs.c
/usr/src/commands/irdpd/irdpd.c
/usr/src/commands/loadkeys/loadkeys.c
/usr/src/commands/nonamed/nonamed.c
/usr/src/commands/pr_routes/pr_routes.c
/usr/src/commands/rarpd/rarpd.c
/usr/src/commands/rawspeed/rawspeed.c
/usr/src/commands/reboot/shutdown.c
/usr/src/commands/rlogin/rlogin.c
/usr/src/commands/rshd/rshd.c
/usr/src/commands/service/parse.c
/usr/src/commands/service/service.c
/usr/src/commands/slip/slip.c
/usr/src/commands/stty/stty.c
/usr/src/commands/swifi/db_access.c
/usr/src/commands/swifi/db_sym.c
/usr/src/commands/swifi/extra.c
/usr/src/commands/swifi/fault_model.c
/usr/src/commands/swifi/swifi-ksyms.c
/usr/src/commands/tcpstat/tcpstat.c
/usr/src/commands/udpstat/udpstat.c
/usr/src/commands/uname/uname.c
/usr/src/commands/vol/vol.c
/usr/src/commands/xargs/xargs.c
/usr/src/commands/zmodem/rz.c
/usr/src/commands/zmodem/sz.c
/usr/src/common/dist/zlib/contrib/masmx86/gvmat32c.c
/usr/src/common/dist/zlib/contrib/untgz/untgz.c
/usr/src/common/lib/libprop/prop_kern.c
/usr/src/dist/nvi/ip/ip_main.c
/usr/src/drivers/acpi/events/evmisc.c
/usr/src/drivers/acpi/osminixxf.c
/usr/src/drivers/ahci/ahci.c
/usr/src/drivers/amddev/amddev.c
/usr/src/drivers/atl2/atl2.c
/usr/src/drivers/dp8390/dp8390.c
/usr/src/drivers/dp8390/ne2000.c
/usr/src/drivers/e1000/e1000.c
/usr/src/drivers/fxp/mii.c
/usr/src/drivers/memory/memory.c
/usr/src/drivers/mmc/mmchost_mmchs.c
/usr/src/drivers/orinoco/orinoco.c
/usr/src/drivers/pci/pci.c
/usr/src/drivers/pci/pci_table.c
/usr/src/drivers/rtl8139/rtl8139.c
/usr/src/drivers/ti1225/ti1225.c
/usr/src/drivers/tty/arch/earm/rs232.c
/usr/src/drivers/tty/arch/i386/console.c
/usr/src/drivers/vbox/err.c
/usr/src/drivers/vbox/hgcm.c
/usr/src/drivers/vbox/vbox.c
/usr/src/external/bsd/byacc/dist/test/calc1.tab.c
/usr/src/external/bsd/byacc/dist/test/grammar.tab.c
/usr/src/external/bsd/libarchive/dist/cpio/cpio.c
/usr/src/external/bsd/libarchive/dist/cpio/test/test_format_newc.c
/usr/src/external/bsd/libarchive/dist/cpio/test/test_passthrough_dotdot.c
/usr/src/external/bsd/libarchive/dist/cpio/test/test_passthrough_reverse.c
/usr/src/external/bsd/libarchive/dist/libarchive/archive_entry.c
/usr/src/external/bsd/libarchive/dist/libarchive/archive_read_support_format_cpio.c
/usr/src/external/bsd/libarchive/dist/libarchive/archive_read_support_format_mtree.c
/usr/src/external/bsd/libarchive/dist/libarchive/archive_read_support_format_tar.c
/usr/src/external/bsd/libarchive/dist/libarchive/archive_read_support_format_xar.c
/usr/src/external/bsd/libarchive/dist/libarchive/archive_write_set_format_cpio_newc.c
/usr/src/external/bsd/libarchive/dist/libarchive/archive_write_set_format_mtree.c
/usr/src/external/bsd/libarchive/dist/libarchive/archive_write_set_format_pax.c
/usr/src/external/bsd/libarchive/dist/libarchive/archive_write_set_format_shar.c
/usr/src/external/bsd/libarchive/dist/libarchive/archive_write_set_format_ustar.c
/usr/src/external/bsd/libarchive/dist/libarchive/test/test_entry.c
/usr/src/external/bsd/libarchive/dist/libarchive/test/test_write_format_cpio_newc.c
/usr/src/external/bsd/libarchive/dist/libarchive/test/test_write_format_tar_ustar.c
/usr/src/external/bsd/libarchive/dist/tar/read.c
/usr/src/external/bsd/mdocml/dist/man.c
/usr/src/external/bsd/mdocml/dist/man_validate.c
/usr/src/external/bsd/mdocml/dist/mdoc.c
/usr/src/external/bsd/mdocml/dist/mdoc_macro.c
/usr/src/external/bsd/mdocml/dist/mdoc_validate.c
/usr/src/external/public-domain/xz/dist/src/common/tuklib_physmem.c
/usr/src/external/public-domain/xz/dist/src/xz/message.c
/usr/src/kernel/arch/earm/arch_do_vmctl.c
/usr/src/kernel/arch/earm/arch_reset.c
/usr/src/kernel/arch/earm/arch_system.c
/usr/src/kernel/arch/earm/exception.c
/usr/src/kernel/arch/earm/memory.c
/usr/src/kernel/arch/earm/pg_utils.c
/usr/src/kernel/arch/earm/pre_init.c
/usr/src/kernel/arch/earm/protect.c
/usr/src/kernel/arch/i386/acpi.c
/usr/src/kernel/arch/i386/arch_do_vmctl.c
/usr/src/kernel/arch/i386/arch_reset.c
/usr/src/kernel/arch/i386/arch_system.c
/usr/src/kernel/arch/i386/do_readbios.c
/usr/src/kernel/arch/i386/exception.c
/usr/src/kernel/arch/i386/memory.c
/usr/src/kernel/arch/i386/oxpcie.c
/usr/src/kernel/arch/i386/pg_utils.c
/usr/src/kernel/arch/i386/pre_init.c
/usr/src/kernel/arch/i386/protect.c
/usr/src/kernel/main.c
/usr/src/kernel/proc.c
/usr/src/kernel/smp.c
/usr/src/kernel/system/do_clear.c
/usr/src/kernel/system/do_copy.c
/usr/src/kernel/system/do_fork.c
/usr/src/kernel/system/do_getinfo.c
/usr/src/kernel/system/do_memset.c
/usr/src/kernel/system/do_safecopy.c
/usr/src/kernel/system/do_safememset.c
/usr/src/kernel/system/do_sigsend.c
/usr/src/kernel/system/do_sysctl.c
/usr/src/kernel/system/do_trace.c
/usr/src/kernel/system/do_umap_remote.c
/usr/src/kernel/system/do_vmctl.c
/usr/src/kernel/system/do_vumap.c
/usr/src/kernel/system.c
/usr/src/kernel/table.c
/usr/src/lib/libasyn/asyn_special.c
/usr/src/lib/libc/arch/powerpc/gen/syncicache.c
/usr/src/lib/libc/arch/powerpc64/gen/syncicache.c
/usr/src/lib/libc/cdb/cdbw.c
/usr/src/lib/libc/db/recno/rec_get.c
/usr/src/lib/libc/db/recno/rec_open.c
/usr/src/lib/libc/gen/devname.c
/usr/src/lib/libc/gen/getdevmajor.c
/usr/src/lib/libc/gen/getloadavg.c
/usr/src/lib/libc/gen/minix/getpagesize.c
/usr/src/lib/libc/isc/ev_streams.c
/usr/src/lib/libc/minix/minix-malloc-debug.c
/usr/src/lib/libc/resolv/res_init.c
/usr/src/lib/libc/rpc/svc_vc.c
/usr/src/lib/libc/stdlib/jemalloc.c
/usr/src/lib/libc/sys-minix/mmap.c
/usr/src/lib/libc/sys-minix/recvmsg.c
/usr/src/lib/libcompat_minix/configfile.c
/usr/src/lib/libcrypt/crypt-sha1.c
/usr/src/lib/libcrypt/md5crypt.c
/usr/src/lib/libcurses/tty.c
/usr/src/lib/libddekit/src/pgtab.c
/usr/src/lib/libddekit/src/resource.c
/usr/src/lib/libddekit/src/usb_server.c
/usr/src/lib/libdevman/generic.c
/usr/src/lib/libdevman/usb.c
/usr/src/lib/libexec/exec_elf.c
/usr/src/lib/libexec/exec_general.c
/usr/src/lib/libgpio/clkconf.c
/usr/src/lib/libgpio/gpio_omap.c
/usr/src/lib/libhgfs/channel.c
/usr/src/lib/liblwip/api/api_lib.c
/usr/src/lib/liblwip/api/api_msg.c
/usr/src/lib/liblwip/netif/ppp/auth.c
/usr/src/lib/libminixfs/cache.c
/usr/src/lib/libminlib/i386/_cpufeature.c
/usr/src/lib/libminlib/vm_memctl.c
/usr/src/lib/libminlib/vm_query_exit.c
/usr/src/lib/libminlib/vm_set_priv.c
/usr/src/lib/libminlib/vm_update.c
/usr/src/lib/libmthread/mutex.c
/usr/src/lib/libpadconf/padconf.c
/usr/src/lib/libsys/arch/i386/getidle.c
/usr/src/lib/libsys/sef.c
/usr/src/lib/libsys/sys_vmctl.c
/usr/src/lib/libsys/vm_brk.c
/usr/src/lib/libsys/vm_exit.c
/usr/src/lib/libsys/vm_fork.c
/usr/src/lib/libsys/vm_info.c
/usr/src/lib/libsys/vm_map_phys.c
/usr/src/lib/libsys/vm_notify_sig.c
/usr/src/lib/libsys/vm_procctl.c
/usr/src/lib/libsys/vm_umap.c
/usr/src/lib/libsys/vm_yield_get_block.c
/usr/src/lib/libvassert/vassert.c
/usr/src/lib/libvirtio/virtio.c
/usr/src/sbin/fsck/fsutil.c
/usr/src/sbin/fsck/partutil.c
/usr/src/servers/devman/bind.c
/usr/src/servers/devman/buf.c
/usr/src/servers/devman/device.c
/usr/src/servers/devman/main.c
/usr/src/servers/ext2/main.c
/usr/src/servers/ext2/mount.c
/usr/src/servers/ipc/main.c
/usr/src/servers/ipc/sem.c
/usr/src/servers/ipc/shm.c
/usr/src/servers/is/dmp.c
/usr/src/servers/is/dmp_vm.c
/usr/src/servers/mfs/main.c
/usr/src/servers/mfs/mount.c
/usr/src/servers/pfs/dev_uds.c
/usr/src/servers/pfs/uds.c
/usr/src/servers/pm/break.c
/usr/src/servers/pm/exec.c
/usr/src/servers/pm/forkexit.c
/usr/src/servers/pm/main.c
/usr/src/servers/pm/mcontext.c
/usr/src/servers/pm/misc.c
/usr/src/servers/pm/signal.c
/usr/src/servers/procfs/cpuinfo.c
/usr/src/servers/procfs/mounts.c
/usr/src/servers/procfs/pid.c
/usr/src/servers/procfs/root.c
/usr/src/servers/rs/exec.c
/usr/src/servers/rs/main.c
/usr/src/servers/rs/manager.c
/usr/src/servers/rs/request.c
/usr/src/servers/rs/table.c
/usr/src/servers/vfs/comm.c
/usr/src/servers/vfs/coredump.c
/usr/src/servers/vfs/device.c
/usr/src/servers/vfs/exec.c
/usr/src/servers/vfs/link.c
/usr/src/servers/vfs/main.c
/usr/src/servers/vfs/misc.c
/usr/src/servers/vfs/mount.c
/usr/src/servers/vfs/open.c
/usr/src/servers/vfs/path.c
/usr/src/servers/vfs/pipe.c
/usr/src/servers/vfs/protect.c
/usr/src/servers/vfs/read.c
/usr/src/servers/vfs/request.c
/usr/src/servers/vfs/stadir.c
/usr/src/servers/vfs/table.c
/usr/src/servers/vfs/time.c
/usr/src/servers/vfs/utility.c
/usr/src/servers/vfs/vmnt.c
/usr/src/servers/vfs/vnode.c
/usr/src/servers/vm/alloc.c
/usr/src/servers/vm/arch/i386/pagetable.c
/usr/src/servers/vm/break.c
/usr/src/servers/vm/exit.c
/usr/src/servers/vm/fork.c
/usr/src/servers/vm/main.c
/usr/src/servers/vm/mem_anon.c
/usr/src/servers/vm/mem_anon_contig.c
/usr/src/servers/vm/mem_directphys.c
/usr/src/servers/vm/mem_shared.c
/usr/src/servers/vm/mmap.c
/usr/src/servers/vm/pagefaults.c
/usr/src/servers/vm/pb.c
/usr/src/servers/vm/queryexit.c
/usr/src/servers/vm/region.c
/usr/src/servers/vm/rs.c
/usr/src/servers/vm/slaballoc.c
/usr/src/servers/vm/utility.c
/usr/src/sys/arch/i386/stand/lib/netif/dp8390.c
/usr/src/sys/arch/i386/stand/lib/netif/netif_small.c
/usr/src/sys/arch/i386/stand/lib/test/ether_bpf.c
/usr/src/sys/lib/libsa/bootp.c
/usr/src/sys/ufs/chfs/chfs_pool.c
/usr/src/sys/ufs/chfs/chfs_subr.c
/usr/src/sys/ufs/chfs/chfs_vfsops.c
/usr/src/sys/ufs/chfs/chfs_vnops.c
/usr/src/sys/ufs/ext2fs/ext2fs_balloc.c
/usr/src/sys/ufs/ext2fs/ext2fs_inode.c
/usr/src/sys/ufs/ext2fs/ext2fs_lookup.c
/usr/src/sys/ufs/ext2fs/ext2fs_readwrite.c
/usr/src/sys/ufs/ext2fs/ext2fs_vfsops.c
/usr/src/sys/ufs/ext2fs/ext2fs_vnops.c
/usr/src/sys/ufs/ffs/ffs_alloc.c
/usr/src/sys/ufs/ffs/ffs_balloc.c
/usr/src/sys/ufs/ffs/ffs_inode.c
/usr/src/sys/ufs/ffs/ffs_snapshot.c
/usr/src/sys/ufs/ffs/ffs_vfsops.c
/usr/src/sys/ufs/ffs/ffs_vnops.c
/usr/src/sys/ufs/lfs/lfs_alloc.c
/usr/src/sys/ufs/lfs/lfs_balloc.c
/usr/src/sys/ufs/lfs/lfs_bio.c
/usr/src/sys/ufs/lfs/lfs_inode.c
/usr/src/sys/ufs/lfs/lfs_rfw.c
/usr/src/sys/ufs/lfs/lfs_segment.c
/usr/src/sys/ufs/lfs/lfs_subr.c
/usr/src/sys/ufs/lfs/lfs_vfsops.c
/usr/src/sys/ufs/lfs/lfs_vnops.c
/usr/src/sys/ufs/mfs/mfs_vnops.c
/usr/src/sys/ufs/ufs/ufs_inode.c
/usr/src/sys/ufs/ufs/ufs_lookup.c
/usr/src/sys/ufs/ufs/ufs_quota1.c
/usr/src/sys/ufs/ufs/ufs_quota2.c
/usr/src/sys/ufs/ufs/ufs_readwrite.c
/usr/src/sys/ufs/ufs/ufs_vnops.c
/usr/src/sys/ufs/ufs/ufs_wapbl.c
/usr/src/test/t40e.c
/usr/src/test/test56.c
/usr/src/test/test9.c
/usr/src/usr.bin/m4/main.c
/usr/src/usr.bin/nbperf/graph3.c
